New log file opened at Tue Apr 21 14:23:57 CEST 2015 by 81587@eduroam-241-103.public.su.se
Sending msg to client activator-d27ca9e6-582e-447b-b91c-b3c70e31a4b3: DetachedLogEvent(LogMessage(debug,sbt server socket logs are in: /Users/adamkvarfordt/Documents/PVT-Grupp4/PVT4/.sbtserver/connections/master.log))
Sending msg to client activator-d27ca9e6-582e-447b-b91c-b3c70e31a4b3: DetachedLogEvent(LogMessage(debug,sbt client logs are in: /Users/adamkvarfordt/Documents/PVT-Grupp4/PVT4/.sbtserver/connections/activator-d27ca9e6-582e-447b-b91c-b3c70e31a4b3.log))
Reading next message from client.
Sending msg to client activator-d27ca9e6-582e-447b-b91c-b3c70e31a4b3: DetachedLogEvent(LogMessage(debug,sbt general server logs are in: /Users/adamkvarfordt/Documents/PVT-Grupp4/PVT4/.sbtserver/master.log))
Client activator-d27ca9e6-582e-447b-b91c-b3c70e31a4b3 closed, java.net.SocketException: Connection reset, shutting down
Stopping client.
Dropping message DetachedLogEvent(LogMessage(debug,sbt general server logs are in: /Users/adamkvarfordt/Documents/PVT-Grupp4/PVT4/.sbtserver/master.log)) because client activator-d27ca9e6-582e-447b-b91c-b3c70e31a4b3 of an exception serializing and sending: java.net.SocketException: socket is closed
stack trace sending message was 
java.net.SocketException: socket is closed
	at sbt.impl.ipc.Peer.send(IPC.scala:74)
	at sbt.impl.ipc.Peer.send(IPC.scala:83)
	at sbt.impl.ipc.Peer.sendString(IPC.scala:106)
	at sbt.impl.ipc.Peer.sendJson(IPC.scala:119)
	at sbt.server.SbtClientHandler$$anonfun$send$1.apply$mcV$sp(SbtClientHandler.scala:128)
	at sbt.server.SbtClientHandler.wrappedSend(SbtClientHandler.scala:113)
	at sbt.server.SbtClientHandler.send(SbtClientHandler.scala:128)
	at sbt.server.SbtServerSocketHandler$$anon$1.run(SbtServerSocketHandler.scala:94)
Dropping message (0,ReceivedResponse()) to dead client activator-d27ca9e6-582e-447b-b91c-b3c70e31a4b3
Client activator-d27ca9e6-582e-447b-b91c-b3c70e31a4b3 thread exiting.
